<?xml version="1.0" encoding="UTF-8"?>
<!-- Generated by org.testng.reporters.JUnitXMLReporter -->
<testsuite ignored="0" hostname="lenovo" failures="0" tests="4" name="Default test" time="0.11" errors="0" timestamp="2021-05-06T18:56:15 IST">
  <testcase classname="com.package1.Test1" name="testDiff" time="0.029"/>
  <testcase classname="com.package1.Test1" name="testDiv" time="0.002"/>
  <testcase classname="com.package1.Test1" name="testMul" time="0.002"/>
  <testcase classname="com.package1.Test1" name="testsum" time="0.001"/>
</testsuite> <!-- Default test -->
