<?xml version="1.0" encoding="UTF-8"?>
<testng-results ignored="0" total="4" passed="4" failed="0" skipped="0">
  <reporter-output>
  </reporter-output>
  <suite started-at="2021-05-06T19:36:08 IST" name="Testing Google Apps" finished-at="2021-05-06T19:36:08 IST" duration-ms="158">
    <groups>
    </groups>
    <test started-at="2021-05-06T19:36:08 IST" name="Regression" finished-at="2021-05-06T19:36:08 IST" duration-ms="158">
      <class name="com.package1.Test1">
        <test-method signature="testDiff()[pri:0, instance:com.package1.Test1@6ec8211c]" started-at="2021-05-06T19:36:08 IST" name="testDiff" finished-at="2021-05-06T19:36:08 IST" duration-ms="14" status="PASS">
          <reporter-output>
          </reporter-output>
        </test-method> <!-- testDiff -->
        <test-method signature="testDiv()[pri:0, instance:com.package1.Test1@6ec8211c]" started-at="2021-05-06T19:36:08 IST" name="testDiv" finished-at="2021-05-06T19:36:08 IST" duration-ms="0" status="PASS">
          <reporter-output>
          </reporter-output>
        </test-method> <!-- testDiv -->
        <test-method signature="testMul()[pri:0, instance:com.package1.Test1@6ec8211c]" started-at="2021-05-06T19:36:08 IST" name="testMul" finished-at="2021-05-06T19:36:08 IST" duration-ms="0" status="PASS">
          <reporter-output>
          </reporter-output>
        </test-method> <!-- testMul -->
        <test-method signature="testsum()[pri:0, instance:com.package1.Test1@6ec8211c]" started-at="2021-05-06T19:36:08 IST" name="testsum" finished-at="2021-05-06T19:36:08 IST" duration-ms="1" status="PASS">
          <reporter-output>
          </reporter-output>
        </test-method> <!-- testsum -->
      </class> <!-- com.package1.Test1 -->
    </test> <!-- Regression -->
  </suite> <!-- Testing Google Apps -->
</testng-results>
