<?xml version="1.0" encoding="UTF-8"?>
<testng-results ignored="0" total="4" passed="4" failed="0" skipped="0">
  <reporter-output>
  </reporter-output>
  <suite started-at="2021-05-06T18:56:15 IST" name="Default suite" finished-at="2021-05-06T18:56:15 IST" duration-ms="110">
    <groups>
    </groups>
    <test started-at="2021-05-06T18:56:15 IST" name="Default test" finished-at="2021-05-06T18:56:15 IST" duration-ms="110">
      <class name="com.package1.Test1">
        <test-method signature="testDiff()[pri:0, instance:com.package1.Test1@20d3d15a]" started-at="2021-05-06T18:56:15 IST" name="testDiff" finished-at="2021-05-06T18:56:15 IST" duration-ms="29" status="PASS">
          <reporter-output>
          </reporter-output>
        </test-method> <!-- testDiff -->
        <test-method signature="testDiv()[pri:0, instance:com.package1.Test1@20d3d15a]" started-at="2021-05-06T18:56:15 IST" name="testDiv" finished-at="2021-05-06T18:56:15 IST" duration-ms="2" status="PASS">
          <reporter-output>
          </reporter-output>
        </test-method> <!-- testDiv -->
        <test-method signature="testMul()[pri:0, instance:com.package1.Test1@20d3d15a]" started-at="2021-05-06T18:56:15 IST" name="testMul" finished-at="2021-05-06T18:56:15 IST" duration-ms="2" status="PASS">
          <reporter-output>
          </reporter-output>
        </test-method> <!-- testMul -->
        <test-method signature="testsum()[pri:0, instance:com.package1.Test1@20d3d15a]" started-at="2021-05-06T18:56:15 IST" name="testsum" finished-at="2021-05-06T18:56:15 IST" duration-ms="1" status="PASS">
          <reporter-output>
          </reporter-output>
        </test-method> <!-- testsum -->
      </class> <!-- com.package1.Test1 -->
    </test> <!-- Default test -->
  </suite> <!-- Default suite -->
</testng-results>
