<?xml version="1.0" encoding="UTF-8"?>
<!-- Generated by org.testng.reporters.JUnitXMLReporter -->
<testsuite ignored="0" hostname="lenovo" failures="0" tests="4" name="Regression" time="0.158" errors="0" timestamp="2021-05-06T19:36:08 IST">
  <testcase classname="com.package1.Test1" name="testDiff" time="0.014"/>
  <testcase classname="com.package1.Test1" name="testDiv" time="0.0"/>
  <testcase classname="com.package1.Test1" name="testMul" time="0.0"/>
  <testcase classname="com.package1.Test1" name="testsum" time="0.001"/>
</testsuite> <!-- Regression -->
